<?xml version="1.0" encoding="UTF-8"?>
<testsuite xmlns:xsi="http://www.w3.org/2001/XMLSchema-instance" xsi:noNamespaceSchemaLocation="https://maven.apache.org/surefire/maven-surefire-plugin/xsd/surefire-test-report-3.0.xsd" version="3.0" name="BankAccountTest" time="0.104" tests="5" errors="0" skipped="0" failures="0">
  <properties>
    <property name="java.specification.version" value="23"/>
    <property name="sun.cpu.isalist" value="amd64"/>
    <property name="sun.jnu.encoding" value="MS932"/>
    <property name="java.class.path" value="C:\Users\slime\Desktop\java\demo2\demo\target\test-classes;C:\Users\slime\Desktop\java\demo2\demo\target\classes;C:\Users\slime\.m2\repository\org\junit\jupiter\junit-jupiter-api\5.12.0-M1\junit-jupiter-api-5.12.0-M1.jar;C:\Users\slime\.m2\repository\org\opentest4j\opentest4j\1.3.0\opentest4j-1.3.0.jar;C:\Users\slime\.m2\repository\org\junit\platform\junit-platform-commons\1.12.0-M1\junit-platform-commons-1.12.0-M1.jar;C:\Users\slime\.m2\repository\org\apiguardian\apiguardian-api\1.1.2\apiguardian-api-1.1.2.jar;C:\Users\slime\.m2\repository\org\junit\jupiter\junit-jupiter-engine\5.12.0-M1\junit-jupiter-engine-5.12.0-M1.jar;C:\Users\slime\.m2\repository\org\junit\platform\junit-platform-engine\1.12.0-M1\junit-platform-engine-1.12.0-M1.jar;C:\Users\slime\.m2\repository\org\apache\logging\log4j\log4j-core\3.0.0-beta3\log4j-core-3.0.0-beta3.jar;C:\Users\slime\.m2\repository\org\apache\logging\log4j\log4j-api\2.24.1\log4j-api-2.24.1.jar;C:\Users\slime\.m2\repository\org\apache\logging\log4j\log4j-kit\3.0.0-beta3\log4j-kit-3.0.0-beta3.jar;C:\Users\slime\.m2\repository\org\apache\logging\log4j\log4j-plugins\3.0.0-beta3\log4j-plugins-3.0.0-beta3.jar;C:\Users\slime\.m2\repository\org\apache\logging\log4j\log4j-slf4j2-impl\3.0.0-beta2\log4j-slf4j2-impl-3.0.0-beta2.jar;C:\Users\slime\.m2\repository\org\slf4j\slf4j-api\2.1.0-alpha1\slf4j-api-2.1.0-alpha1.jar;"/>
    <property name="java.vm.vendor" value="Oracle Corporation"/>
    <property name="sun.arch.data.model" value="64"/>
    <property name="user.variant" value=""/>
    <property name="java.vendor.url" value="https://java.oracle.com/"/>
    <property name="user.timezone" value="Asia/Tokyo"/>
    <property name="os.name" value="Windows 10"/>
    <property name="java.vm.specification.version" value="23"/>
    <property name="user.country" value="JP"/>
    <property name="sun.java.launcher" value="SUN_STANDARD"/>
    <property name="sun.boot.library.path" value="C:\Program Files\Java\jdk-23\bin"/>
    <property name="sun.java.command" value="C:\Users\slime\AppData\Local\Temp\surefire11576074096095176489\surefirebooter4042844112937878458.jar C:\Users\slime\AppData\Local\Temp\surefire11576074096095176489 2025-02-03T18-39-20_592-jvmRun1 surefire14748000186106199815tmp surefire_016105062546384494451tmp"/>
    <property name="jdk.debug" value="release"/>
    <property name="test" value="BankAccountTest"/>
    <property name="surefire.test.class.path" value="C:\Users\slime\Desktop\java\demo2\demo\target\test-classes;C:\Users\slime\Desktop\java\demo2\demo\target\classes;C:\Users\slime\.m2\repository\org\junit\jupiter\junit-jupiter-api\5.12.0-M1\junit-jupiter-api-5.12.0-M1.jar;C:\Users\slime\.m2\repository\org\opentest4j\opentest4j\1.3.0\opentest4j-1.3.0.jar;C:\Users\slime\.m2\repository\org\junit\platform\junit-platform-commons\1.12.0-M1\junit-platform-commons-1.12.0-M1.jar;C:\Users\slime\.m2\repository\org\apiguardian\apiguardian-api\1.1.2\apiguardian-api-1.1.2.jar;C:\Users\slime\.m2\repository\org\junit\jupiter\junit-jupiter-engine\5.12.0-M1\junit-jupiter-engine-5.12.0-M1.jar;C:\Users\slime\.m2\repository\org\junit\platform\junit-platform-engine\1.12.0-M1\junit-platform-engine-1.12.0-M1.jar;C:\Users\slime\.m2\repository\org\apache\logging\log4j\log4j-core\3.0.0-beta3\log4j-core-3.0.0-beta3.jar;C:\Users\slime\.m2\repository\org\apache\logging\log4j\log4j-api\2.24.1\log4j-api-2.24.1.jar;C:\Users\slime\.m2\repository\org\apache\logging\log4j\log4j-kit\3.0.0-beta3\log4j-kit-3.0.0-beta3.jar;C:\Users\slime\.m2\repository\org\apache\logging\log4j\log4j-plugins\3.0.0-beta3\log4j-plugins-3.0.0-beta3.jar;C:\Users\slime\.m2\repository\org\apache\logging\log4j\log4j-slf4j2-impl\3.0.0-beta2\log4j-slf4j2-impl-3.0.0-beta2.jar;C:\Users\slime\.m2\repository\org\slf4j\slf4j-api\2.1.0-alpha1\slf4j-api-2.1.0-alpha1.jar;"/>
    <property name="sun.cpu.endian" value="little"/>
    <property name="user.home" value="C:\Users\slime"/>
    <property name="user.language" value="ja"/>
    <property name="java.specification.vendor" value="Oracle Corporation"/>
    <property name="java.version.date" value="2025-01-21"/>
    <property name="java.home" value="C:\Program Files\Java\jdk-23"/>
    <property name="file.separator" value="\"/>
    <property name="basedir" value="C:\Users\slime\Desktop\java\demo2\demo"/>
    <property name="java.vm.compressedOopsMode" value="32-bit"/>
    <property name="line.separator" value="&#10;"/>
    <property name="java.vm.specification.vendor" value="Oracle Corporation"/>
    <property name="java.specification.name" value="Java Platform API Specification"/>
    <property name="surefire.real.class.path" value="C:\Users\slime\AppData\Local\Temp\surefire11576074096095176489\surefirebooter4042844112937878458.jar"/>
    <property name="user.script" value=""/>
    <property name="sun.management.compiler" value="HotSpot 64-Bit Tiered Compilers"/>
    <property name="java.runtime.version" value="23.0.2+7-58"/>
    <property name="user.name" value="metalmental"/>
    <property name="stdout.encoding" value="MS932"/>
    <property name="path.separator" value=";"/>
    <property name="os.version" value="10.0"/>
    <property name="java.runtime.name" value="Java(TM) SE Runtime Environment"/>
    <property name="file.encoding" value="UTF-8"/>
    <property name="java.vm.name" value="Java HotSpot(TM) 64-Bit Server VM"/>
    <property name="maven.ext.class.path" value="C:\Users\slime\.vscode\extensions\oracle.oracle-java-23.0.1\nbcode\java\maven-nblib\netbeans-eventspy.jar"/>
    <property name="localRepository" value="C:\Users\slime\.m2\repository"/>
    <property name="java.vendor.url.bug" value="https://bugreport.java.com/bugreport/"/>
    <property name="java.io.tmpdir" value="C:\Users\slime\AppData\Local\Temp\"/>
    <property name="java.version" value="23.0.2"/>
    <property name="user.dir" value="C:\Users\slime\Desktop\java\demo2\demo"/>
    <property name="os.arch" value="amd64"/>
    <property name="java.vm.specification.name" value="Java Virtual Machine Specification"/>
    <property name="sun.os.patch.level" value=""/>
    <property name="native.encoding" value="MS932"/>
    <property name="java.library.path" value="C:\Program Files\Java\jdk-23\bin;C:\Windows\Sun\Java\bin;C:\Windows\system32;C:\Windows;C:\Program Files\Python311\Scripts\;C:\Program Files\Python311\;C:\Program Files\Java\jdk-11\bin;C:\Windows\system32;C:\Windows;C:\Windows\System32\Wbem;C:\Windows\System32\WindowsPowerShell\v1.0\;C:\Windows\System32\OpenSSH\;C:\Program Files (x86)\Gpg4win\..\GnuPG\bin;C:\ProgramData\chocolatey\bin;C:\Program Files\Docker\Docker\resources\bin;C:\ProgramData\DockerDesktop\version-bin;C:\Program Files (x86)\dotnet\;C:\Program Files\Amazon\AWSCLIV2\;C:\Program Files\Git\cmd;C:\Program Files (x86)\Git\cmd;C:\Program Files\Java\jdk-23\bin;C:\Users\slime\AppData\Local\Microsoft\WindowsApps;C:\Users\slime\AppData\Local\Programs\Microsoft VS Code\bin;C:\Users\slime\AppData\Roaming\Programs\Zero Install;C:\Program Files\Java\jdk-23\bin;;."/>
    <property name="java.vm.info" value="mixed mode, sharing"/>
    <property name="stderr.encoding" value="MS932"/>
    <property name="java.vendor" value="Oracle Corporation"/>
    <property name="java.vm.version" value="23.0.2+7-58"/>
    <property name="sun.io.unicode.encoding" value="UnicodeLittle"/>
    <property name="java.class.version" value="67.0"/>
  </properties>
  <testcase name="withdraw_notBranch" classname="BankAccountTest" time="0.032">
    <system-out><![CDATA[BeforeAll Test Setting
Initialize BankAccount...
]]></system-out>
  </testcase>
  <testcase name="getBalance_withdraw" classname="BankAccountTest" time="0.003">
    <system-out><![CDATA[Initialize BankAccount...
]]></system-out>
  </testcase>
  <testcase name="isChecking_true" classname="BankAccountTest" time="0.002">
    <system-out><![CDATA[Initialize BankAccount...
]]></system-out>
  </testcase>
  <testcase name="getBalance_deposit" classname="BankAccountTest" time="0.002">
    <system-out><![CDATA[Initialize BankAccount...
]]></system-out>
  </testcase>
  <testcase name="deposit" classname="BankAccountTest" time="0.002">
    <system-out><![CDATA[Initialize BankAccount...
]]></system-out>
  </testcase>
</testsuite>